<?xml version="1.0" encoding="UTF-8"?>
<testng-results total="1" passed="1" failed="0" skipped="0">
  <reporter-output>
  </reporter-output>
  <suite started-at="2023-09-07T09:38:21Z" name="Default suite" finished-at="2023-09-07T09:38:38Z" duration-ms="17176">
    <groups>
    </groups>
    <test started-at="2023-09-07T09:38:21Z" name="Default test" finished-at="2023-09-07T09:38:38Z" duration-ms="17176">
      <class name="com.web.demo.Assignment3Selenium.SeleniumTest">
        <test-method signature="testLogoPresent()[pri:0, instance:com.web.demo.Assignment3Selenium.SeleniumTest@301eda63]" started-at="2023-09-07T15:08:21Z" name="testLogoPresent" finished-at="2023-09-07T15:08:38Z" duration-ms="17143" status="PASS">
          <reporter-output>
          </reporter-output>
        </test-method> <!-- testLogoPresent -->
      </class> <!-- com.web.demo.Assignment3Selenium.SeleniumTest -->
    </test> <!-- Default test -->
  </suite> <!-- Default suite -->
</testng-results>
